Analysis & Synthesis report for lcd
Thu Sep 29 17:48:22 2022
Quartus Prime Version 17.1.0 Build 590 10/25/2017 SJ Lite Edition


---------------------
; Table of Contents ;
---------------------
  1. Legal Notice
  2. Analysis & Synthesis Summary
  3. Analysis & Synthesis Settings
  4. Parallel Compilation
  5. Analysis & Synthesis Source Files Read
  6. Analysis & Synthesis Resource Usage Summary
  7. Analysis & Synthesis Resource Utilization by Entity
  8. State Machine - |lcd|estado
  9. State Machine - |lcd|estado_actual
 10. Registers Removed During Synthesis
 11. Removed Registers Triggering Further Register Optimizations
 12. General Register Statistics
 13. Inverted Register Statistics
 14. Multiplexer Restructuring Statistics (Restructuring Performed)
 15. Parameter Settings for Inferred Entity Instance: lpm_divide:Div3
 16. Parameter Settings for Inferred Entity Instance: lpm_divide:Mod2
 17. Parameter Settings for Inferred Entity Instance: lpm_divide:Div1
 18. Parameter Settings for Inferred Entity Instance: lpm_divide:Mod0
 19. Parameter Settings for Inferred Entity Instance: lpm_divide:Div0
 20. Parameter Settings for Inferred Entity Instance: lpm_divide:Div4
 21. Parameter Settings for Inferred Entity Instance: lpm_divide:Mod3
 22. Parameter Settings for Inferred Entity Instance: lpm_divide:Div2
 23. Parameter Settings for Inferred Entity Instance: lpm_divide:Mod1
 24. Parameter Settings for Inferred Entity Instance: lpm_divide:Mod4
 25. Post-Synthesis Netlist Statistics for Top Partition
 26. Elapsed Time Per Partition
 27. Analysis & Synthesis Messages



----------------
; Legal Notice ;
----------------
Copyright (C) 2017  Intel Corporation. All rights reserved.
Your use of Intel Corporation's design tools, logic functions 
and other software and tools, and its AMPP partner logic 
functions, and any output files from any of the foregoing 
(including device programming or simulation files), and any 
associated documentation or information are expressly subject 
to the terms and conditions of the Intel Program License 
Subscription Agreement, the Intel Quartus Prime License Agreement,
the Intel FPGA IP License Agreement, or other applicable license
agreement, including, without limitation, that your use is for
the sole purpose of programming logic devices manufactured by
Intel and sold by Intel or its authorized distributors.  Please
refer to the applicable agreement for further details.



+----------------------------------------------------------------------------------+
; Analysis & Synthesis Summary                                                     ;
+------------------------------------+---------------------------------------------+
; Analysis & Synthesis Status        ; Successful - Thu Sep 29 17:48:22 2022       ;
; Quartus Prime Version              ; 17.1.0 Build 590 10/25/2017 SJ Lite Edition ;
; Revision Name                      ; lcd                                         ;
; Top-level Entity Name              ; lcd                                         ;
; Family                             ; Cyclone IV E                                ;
; Total logic elements               ; 12,405                                      ;
;     Total combinational functions  ; 12,385                                      ;
;     Dedicated logic registers      ; 197                                         ;
; Total registers                    ; 197                                         ;
; Total pins                         ; 18                                          ;
; Total virtual pins                 ; 0                                           ;
; Total memory bits                  ; 0                                           ;
; Embedded Multiplier 9-bit elements ; 0                                           ;
; Total PLLs                         ; 0                                           ;
+------------------------------------+---------------------------------------------+


+----------------------------------------------------------------------------------------------------------------------+
; Analysis & Synthesis Settings                                                                                        ;
+----------------------------------------------------------------------------+--------------------+--------------------+
; Option                                                                     ; Setting            ; Default Value      ;
+----------------------------------------------------------------------------+--------------------+--------------------+
; Device                                                                     ; EP4CE115F29C7      ;                    ;
; Top-level entity name                                                      ; lcd                ; lcd                ;
; Family name                                                                ; Cyclone IV E       ; Cyclone V          ;
; Use smart compilation                                                      ; Off                ; Off                ;
; Enable parallel Assembler and TimeQuest Timing Analyzer during compilation ; On                 ; On                 ;
; Enable compact report table                                                ; Off                ; Off                ;
; Restructure Multiplexers                                                   ; Auto               ; Auto               ;
; Create Debugging Nodes for IP Cores                                        ; Off                ; Off                ;
; Preserve fewer node names                                                  ; On                 ; On                 ;
; Intel FPGA IP Evaluation Mode                                              ; Enable             ; Enable             ;
; Verilog Version                                                            ; Verilog_2001       ; Verilog_2001       ;
; VHDL Version                                                               ; VHDL_1993          ; VHDL_1993          ;
; State Machine Processing                                                   ; Auto               ; Auto               ;
; Safe State Machine                                                         ; Off                ; Off                ;
; Extract Verilog State Machines                                             ; On                 ; On                 ;
; Extract VHDL State Machines                                                ; On                 ; On                 ;
; Ignore Verilog initial constructs                                          ; Off                ; Off                ;
; Iteration limit for constant Verilog loops                                 ; 5000               ; 5000               ;
; Iteration limit for non-constant Verilog loops                             ; 250                ; 250                ;
; Add Pass-Through Logic to Inferred RAMs                                    ; On                 ; On                 ;
; Infer RAMs from Raw Logic                                                  ; On                 ; On                 ;
; Parallel Synthesis                                                         ; On                 ; On                 ;
; DSP Block Balancing                                                        ; Auto               ; Auto               ;
; NOT Gate Push-Back                                                         ; On                 ; On                 ;
; Power-Up Don't Care                                                        ; On                 ; On                 ;
; Remove Redundant Logic Cells                                               ; Off                ; Off                ;
; Remove Duplicate Registers                                                 ; On                 ; On                 ;
; Ignore CARRY Buffers                                                       ; Off                ; Off                ;
; Ignore CASCADE Buffers                                                     ; Off                ; Off                ;
; Ignore GLOBAL Buffers                                                      ; Off                ; Off                ;
; Ignore ROW GLOBAL Buffers                                                  ; Off                ; Off                ;
; Ignore LCELL Buffers                                                       ; Off                ; Off                ;
; Ignore SOFT Buffers                                                        ; On                 ; On                 ;
; Limit AHDL Integers to 32 Bits                                             ; Off                ; Off                ;
; Optimization Technique                                                     ; Balanced           ; Balanced           ;
; Carry Chain Length                                                         ; 70                 ; 70                 ;
; Auto Carry Chains                                                          ; On                 ; On                 ;
; Auto Open-Drain Pins                                                       ; On                 ; On                 ;
; Perform WYSIWYG Primitive Resynthesis                                      ; Off                ; Off                ;
; Auto ROM Replacement                                                       ; On                 ; On                 ;
; Auto RAM Replacement                                                       ; On                 ; On                 ;
; Auto DSP Block Replacement                                                 ; On                 ; On                 ;
; Auto Shift Register Replacement                                            ; Auto               ; Auto               ;
; Allow Shift Register Merging across Hierarchies                            ; Auto               ; Auto               ;
; Auto Clock Enable Replacement                                              ; On                 ; On                 ;
; Strict RAM Replacement                                                     ; Off                ; Off                ;
; Allow Synchronous Control Signals                                          ; On                 ; On                 ;
; Force Use of Synchronous Clear Signals                                     ; Off                ; Off                ;
; Auto RAM Block Balancing                                                   ; On                 ; On                 ;
; Auto RAM to Logic Cell Conversion                                          ; Off                ; Off                ;
; Auto Resource Sharing                                                      ; Off                ; Off                ;
; Allow Any RAM Size For Recognition                                         ; Off                ; Off                ;
; Allow Any ROM Size For Recognition                                         ; Off                ; Off                ;
; Allow Any Shift Register Size For Recognition                              ; Off                ; Off                ;
; Use LogicLock Constraints during Resource Balancing                        ; On                 ; On                 ;
; Ignore translate_off and synthesis_off directives                          ; Off                ; Off                ;
; Timing-Driven Synthesis                                                    ; On                 ; On                 ;
; Report Parameter Settings                                                  ; On                 ; On                 ;
; Report Source Assignments                                                  ; On                 ; On                 ;
; Report Connectivity Checks                                                 ; On                 ; On                 ;
; Ignore Maximum Fan-Out Assignments                                         ; Off                ; Off                ;
; Synchronization Register Chain Length                                      ; 2                  ; 2                  ;
; Power Optimization During Synthesis                                        ; Normal compilation ; Normal compilation ;
; HDL message level                                                          ; Level2             ; Level2             ;
; Suppress Register Optimization Related Messages                            ; Off                ; Off                ;
; Number of Removed Registers Reported in Synthesis Report                   ; 5000               ; 5000               ;
; Number of Swept Nodes Reported in Synthesis Report                         ; 5000               ; 5000               ;
; Number of Inverted Registers Reported in Synthesis Report                  ; 100                ; 100                ;
; Clock MUX Protection                                                       ; On                 ; On                 ;
; Auto Gated Clock Conversion                                                ; Off                ; Off                ;
; Block Design Naming                                                        ; Auto               ; Auto               ;
; SDC constraint protection                                                  ; Off                ; Off                ;
; Synthesis Effort                                                           ; Auto               ; Auto               ;
; Shift Register Replacement - Allow Asynchronous Clear Signal               ; On                 ; On                 ;
; Pre-Mapping Resynthesis Optimization                                       ; Off                ; Off                ;
; Analysis & Synthesis Message Level                                         ; Medium             ; Medium             ;
; Disable Register Merging Across Hierarchies                                ; Auto               ; Auto               ;
; Resource Aware Inference For Block RAM                                     ; On                 ; On                 ;
+----------------------------------------------------------------------------+--------------------+--------------------+


+------------------------------------------+
; Parallel Compilation                     ;
+----------------------------+-------------+
; Processors                 ; Number      ;
+----------------------------+-------------+
; Number detected on machine ; 4           ;
; Maximum allowed            ; 2           ;
;                            ;             ;
; Average used               ; 1.00        ;
; Maximum used               ; 2           ;
;                            ;             ;
; Usage by Processor         ; % Time Used ;
;     Processor 1            ; 100.0%      ;
;     Processor 2            ;   0.2%      ;
+----------------------------+-------------+


+--------------------------------------------------------------------------------------------------------------------------------------------------------------------------+
; Analysis & Synthesis Source Files Read                                                                                                                                   ;
+----------------------------------+-----------------+------------------------------+----------------------------------------------------------------------------+---------+
; File Name with User-Entered Path ; Used in Netlist ; File Type                    ; File Name with Absolute Path                                               ; Library ;
+----------------------------------+-----------------+------------------------------+----------------------------------------------------------------------------+---------+
; lcd.vhd                          ; yes             ; User VHDL File               ; C:/Users/labsistemas06/Desktop/Punto2/lcd.vhd                              ;         ;
; lpm_divide.tdf                   ; yes             ; Megafunction                 ; c:/intelfpga_lite/17.1/quartus/libraries/megafunctions/lpm_divide.tdf      ;         ;
; abs_divider.inc                  ; yes             ; Megafunction                 ; c:/intelfpga_lite/17.1/quartus/libraries/megafunctions/abs_divider.inc     ;         ;
; sign_div_unsign.inc              ; yes             ; Megafunction                 ; c:/intelfpga_lite/17.1/quartus/libraries/megafunctions/sign_div_unsign.inc ;         ;
; aglobal171.inc                   ; yes             ; Megafunction                 ; c:/intelfpga_lite/17.1/quartus/libraries/megafunctions/aglobal171.inc      ;         ;
; db/lpm_divide_s0p.tdf            ; yes             ; Auto-Generated Megafunction  ; C:/Users/labsistemas06/Desktop/Punto2/db/lpm_divide_s0p.tdf                ;         ;
; db/abs_divider_nbg.tdf           ; yes             ; Auto-Generated Megafunction  ; C:/Users/labsistemas06/Desktop/Punto2/db/abs_divider_nbg.tdf               ;         ;
; db/alt_u_div_c7f.tdf             ; yes             ; Auto-Generated Megafunction  ; C:/Users/labsistemas06/Desktop/Punto2/db/alt_u_div_c7f.tdf                 ;         ;
; db/add_sub_7pc.tdf               ; yes             ; Auto-Generated Megafunction  ; C:/Users/labsistemas06/Desktop/Punto2/db/add_sub_7pc.tdf                   ;         ;
; db/add_sub_8pc.tdf               ; yes             ; Auto-Generated Megafunction  ; C:/Users/labsistemas06/Desktop/Punto2/db/add_sub_8pc.tdf                   ;         ;
; db/lpm_abs_5v9.tdf               ; yes             ; Auto-Generated Megafunction  ; C:/Users/labsistemas06/Desktop/Punto2/db/lpm_abs_5v9.tdf                   ;         ;
; db/lpm_abs_i0a.tdf               ; yes             ; Auto-Generated Megafunction  ; C:/Users/labsistemas06/Desktop/Punto2/db/lpm_abs_i0a.tdf                   ;         ;
; db/lpm_divide_cqo.tdf            ; yes             ; Auto-Generated Megafunction  ; C:/Users/labsistemas06/Desktop/Punto2/db/lpm_divide_cqo.tdf                ;         ;
; db/abs_divider_4dg.tdf           ; yes             ; Auto-Generated Megafunction  ; C:/Users/labsistemas06/Desktop/Punto2/db/abs_divider_4dg.tdf               ;         ;
; db/alt_u_div_6af.tdf             ; yes             ; Auto-Generated Megafunction  ; C:/Users/labsistemas06/Desktop/Punto2/db/alt_u_div_6af.tdf                 ;         ;
; db/lpm_divide_a2p.tdf            ; yes             ; Auto-Generated Megafunction  ; C:/Users/labsistemas06/Desktop/Punto2/db/lpm_divide_a2p.tdf                ;         ;
; db/abs_divider_5dg.tdf           ; yes             ; Auto-Generated Megafunction  ; C:/Users/labsistemas06/Desktop/Punto2/db/abs_divider_5dg.tdf               ;         ;
; db/alt_u_div_8af.tdf             ; yes             ; Auto-Generated Megafunction  ; C:/Users/labsistemas06/Desktop/Punto2/db/alt_u_div_8af.tdf                 ;         ;
; db/lpm_abs_j0a.tdf               ; yes             ; Auto-Generated Megafunction  ; C:/Users/labsistemas06/Desktop/Punto2/db/lpm_abs_j0a.tdf                   ;         ;
; db/lpm_divide_d2p.tdf            ; yes             ; Auto-Generated Megafunction  ; C:/Users/labsistemas06/Desktop/Punto2/db/lpm_divide_d2p.tdf                ;         ;
; db/abs_divider_8dg.tdf           ; yes             ; Auto-Generated Megafunction  ; C:/Users/labsistemas06/Desktop/Punto2/db/abs_divider_8dg.tdf               ;         ;
; db/alt_u_div_eaf.tdf             ; yes             ; Auto-Generated Megafunction  ; C:/Users/labsistemas06/Desktop/Punto2/db/alt_u_div_eaf.tdf                 ;         ;
; db/lpm_abs_m0a.tdf               ; yes             ; Auto-Generated Megafunction  ; C:/Users/labsistemas06/Desktop/Punto2/db/lpm_abs_m0a.tdf                   ;         ;
; db/lpm_divide_p0p.tdf            ; yes             ; Auto-Generated Megafunction  ; C:/Users/labsistemas06/Desktop/Punto2/db/lpm_divide_p0p.tdf                ;         ;
; db/abs_divider_kbg.tdf           ; yes             ; Auto-Generated Megafunction  ; C:/Users/labsistemas06/Desktop/Punto2/db/abs_divider_kbg.tdf               ;         ;
; db/alt_u_div_67f.tdf             ; yes             ; Auto-Generated Megafunction  ; C:/Users/labsistemas06/Desktop/Punto2/db/alt_u_div_67f.tdf                 ;         ;
; db/lpm_abs_2v9.tdf               ; yes             ; Auto-Generated Megafunction  ; C:/Users/labsistemas06/Desktop/Punto2/db/lpm_abs_2v9.tdf                   ;         ;
; db/lpm_divide_62p.tdf            ; yes             ; Auto-Generated Megafunction  ; C:/Users/labsistemas06/Desktop/Punto2/db/lpm_divide_62p.tdf                ;         ;
; db/abs_divider_1dg.tdf           ; yes             ; Auto-Generated Megafunction  ; C:/Users/labsistemas06/Desktop/Punto2/db/abs_divider_1dg.tdf               ;         ;
; db/alt_u_div_0af.tdf             ; yes             ; Auto-Generated Megafunction  ; C:/Users/labsistemas06/Desktop/Punto2/db/alt_u_div_0af.tdf                 ;         ;
; db/lpm_abs_f0a.tdf               ; yes             ; Auto-Generated Megafunction  ; C:/Users/labsistemas06/Desktop/Punto2/db/lpm_abs_f0a.tdf                   ;         ;
+----------------------------------+-----------------+------------------------------+----------------------------------------------------------------------------+---------+


+-----------------------------------------------------------------------+
; Analysis & Synthesis Resource Usage Summary                           ;
+---------------------------------------------+-------------------------+
; Resource                                    ; Usage                   ;
+---------------------------------------------+-------------------------+
; Estimated Total logic elements              ; 12,405                  ;
;                                             ;                         ;
; Total combinational functions               ; 12385                   ;
; Logic element usage by number of LUT inputs ;                         ;
;     -- 4 input functions                    ; 3980                    ;
;     -- 3 input functions                    ; 3726                    ;
;     -- <=2 input functions                  ; 4679                    ;
;                                             ;                         ;
; Logic elements by mode                      ;                         ;
;     -- normal mode                          ; 8364                    ;
;     -- arithmetic mode                      ; 4021                    ;
;                                             ;                         ;
; Total registers                             ; 197                     ;
;     -- Dedicated logic registers            ; 197                     ;
;     -- I/O registers                        ; 0                       ;
;                                             ;                         ;
; I/O pins                                    ; 18                      ;
;                                             ;                         ;
; Embedded Multiplier 9-bit elements          ; 0                       ;
;                                             ;                         ;
; Maximum fan-out node                        ; \comb_logic:sumador[31] ;
; Maximum fan-out                             ; 486                     ;
; Total fan-out                               ; 36524                   ;
; Average fan-out                             ; 2.89                    ;
+---------------------------------------------+-------------------------+


+-------------------------------------------------------------------------------------------------------------------------------------------------------------------------------------------------------------------------------------------------------------------------------------------------------+
; Analysis & Synthesis Resource Utilization by Entity                                                                                                                                                                                                                                                   ;
+---------------------------------------+---------------------+---------------------------+-------------+--------------+---------+-----------+------+--------------+---------------------------------------------------------------------------------------------------+-----------------+--------------+
; Compilation Hierarchy Node            ; Combinational ALUTs ; Dedicated Logic Registers ; Memory Bits ; DSP Elements ; DSP 9x9 ; DSP 18x18 ; Pins ; Virtual Pins ; Full Hierarchy Name                                                                               ; Entity Name     ; Library Name ;
+---------------------------------------+---------------------+---------------------------+-------------+--------------+---------+-----------+------+--------------+---------------------------------------------------------------------------------------------------+-----------------+--------------+
; |lcd                                  ; 12385 (928)         ; 197 (197)                 ; 0           ; 0            ; 0       ; 0         ; 18   ; 0            ; |lcd                                                                                              ;                 ;              ;
;    |lpm_divide:Div0|                  ; 826 (0)             ; 0 (0)                     ; 0           ; 0            ; 0       ; 0         ; 0    ; 0            ; |lcd|lpm_divide:Div0                                                                              ; lpm_divide      ; work         ;
;       |lpm_divide_d2p:auto_generated| ; 826 (0)             ; 0 (0)                     ; 0           ; 0            ; 0       ; 0         ; 0    ; 0            ; |lcd|lpm_divide:Div0|lpm_divide_d2p:auto_generated                                                ; lpm_divide_d2p  ; work         ;
;          |abs_divider_8dg:divider|    ; 826 (21)            ; 0 (0)                     ; 0           ; 0            ; 0       ; 0         ; 0    ; 0            ; |lcd|lpm_divide:Div0|lpm_divide_d2p:auto_generated|abs_divider_8dg:divider                        ; abs_divider_8dg ; work         ;
;             |alt_u_div_eaf:divider|   ; 805 (805)           ; 0 (0)                     ; 0           ; 0            ; 0       ; 0         ; 0    ; 0            ; |lcd|lpm_divide:Div0|lpm_divide_d2p:auto_generated|abs_divider_8dg:divider|alt_u_div_eaf:divider  ; alt_u_div_eaf   ; work         ;
;    |lpm_divide:Div1|                  ; 862 (0)             ; 0 (0)                     ; 0           ; 0            ; 0       ; 0         ; 0    ; 0            ; |lcd|lpm_divide:Div1                                                                              ; lpm_divide      ; work         ;
;       |lpm_divide_a2p:auto_generated| ; 862 (0)             ; 0 (0)                     ; 0           ; 0            ; 0       ; 0         ; 0    ; 0            ; |lcd|lpm_divide:Div1|lpm_divide_a2p:auto_generated                                                ; lpm_divide_a2p  ; work         ;
;          |abs_divider_5dg:divider|    ; 862 (44)            ; 0 (0)                     ; 0           ; 0            ; 0       ; 0         ; 0    ; 0            ; |lcd|lpm_divide:Div1|lpm_divide_a2p:auto_generated|abs_divider_5dg:divider                        ; abs_divider_5dg ; work         ;
;             |alt_u_div_8af:divider|   ; 818 (818)           ; 0 (0)                     ; 0           ; 0            ; 0       ; 0         ; 0    ; 0            ; |lcd|lpm_divide:Div1|lpm_divide_a2p:auto_generated|abs_divider_5dg:divider|alt_u_div_8af:divider  ; alt_u_div_8af   ; work         ;
;    |lpm_divide:Div2|                  ; 797 (0)             ; 0 (0)                     ; 0           ; 0            ; 0       ; 0         ; 0    ; 0            ; |lcd|lpm_divide:Div2                                                                              ; lpm_divide      ; work         ;
;       |lpm_divide_62p:auto_generated| ; 797 (0)             ; 0 (0)                     ; 0           ; 0            ; 0       ; 0         ; 0    ; 0            ; |lcd|lpm_divide:Div2|lpm_divide_62p:auto_generated                                                ; lpm_divide_62p  ; work         ;
;          |abs_divider_1dg:divider|    ; 797 (52)            ; 0 (0)                     ; 0           ; 0            ; 0       ; 0         ; 0    ; 0            ; |lcd|lpm_divide:Div2|lpm_divide_62p:auto_generated|abs_divider_1dg:divider                        ; abs_divider_1dg ; work         ;
;             |alt_u_div_0af:divider|   ; 744 (744)           ; 0 (0)                     ; 0           ; 0            ; 0       ; 0         ; 0    ; 0            ; |lcd|lpm_divide:Div2|lpm_divide_62p:auto_generated|abs_divider_1dg:divider|alt_u_div_0af:divider  ; alt_u_div_0af   ; work         ;
;             |lpm_abs_i0a:my_abs_num|  ; 1 (1)               ; 0 (0)                     ; 0           ; 0            ; 0       ; 0         ; 0    ; 0            ; |lcd|lpm_divide:Div2|lpm_divide_62p:auto_generated|abs_divider_1dg:divider|lpm_abs_i0a:my_abs_num ; lpm_abs_i0a     ; work         ;
;    |lpm_divide:Div3|                  ; 683 (0)             ; 0 (0)                     ; 0           ; 0            ; 0       ; 0         ; 0    ; 0            ; |lcd|lpm_divide:Div3                                                                              ; lpm_divide      ; work         ;
;       |lpm_divide_s0p:auto_generated| ; 683 (0)             ; 0 (0)                     ; 0           ; 0            ; 0       ; 0         ; 0    ; 0            ; |lcd|lpm_divide:Div3|lpm_divide_s0p:auto_generated                                                ; lpm_divide_s0p  ; work         ;
;          |abs_divider_nbg:divider|    ; 683 (58)            ; 0 (0)                     ; 0           ; 0            ; 0       ; 0         ; 0    ; 0            ; |lcd|lpm_divide:Div3|lpm_divide_s0p:auto_generated|abs_divider_nbg:divider                        ; abs_divider_nbg ; work         ;
;             |alt_u_div_c7f:divider|   ; 625 (625)           ; 0 (0)                     ; 0           ; 0            ; 0       ; 0         ; 0    ; 0            ; |lcd|lpm_divide:Div3|lpm_divide_s0p:auto_generated|abs_divider_nbg:divider|alt_u_div_c7f:divider  ; alt_u_div_c7f   ; work         ;
;    |lpm_divide:Div4|                  ; 511 (0)             ; 0 (0)                     ; 0           ; 0            ; 0       ; 0         ; 0    ; 0            ; |lcd|lpm_divide:Div4                                                                              ; lpm_divide      ; work         ;
;       |lpm_divide_p0p:auto_generated| ; 511 (0)             ; 0 (0)                     ; 0           ; 0            ; 0       ; 0         ; 0    ; 0            ; |lcd|lpm_divide:Div4|lpm_divide_p0p:auto_generated                                                ; lpm_divide_p0p  ; work         ;
;          |abs_divider_kbg:divider|    ; 511 (62)            ; 0 (0)                     ; 0           ; 0            ; 0       ; 0         ; 0    ; 0            ; |lcd|lpm_divide:Div4|lpm_divide_p0p:auto_generated|abs_divider_kbg:divider                        ; abs_divider_kbg ; work         ;
;             |alt_u_div_67f:divider|   ; 449 (449)           ; 0 (0)                     ; 0           ; 0            ; 0       ; 0         ; 0    ; 0            ; |lcd|lpm_divide:Div4|lpm_divide_p0p:auto_generated|abs_divider_kbg:divider|alt_u_div_67f:divider  ; alt_u_div_67f   ; work         ;
;    |lpm_divide:Mod0|                  ; 1343 (0)            ; 0 (0)                     ; 0           ; 0            ; 0       ; 0         ; 0    ; 0            ; |lcd|lpm_divide:Mod0                                                                              ; lpm_divide      ; work         ;
;       |lpm_divide_cqo:auto_generated| ; 1343 (0)            ; 0 (0)                     ; 0           ; 0            ; 0       ; 0         ; 0    ; 0            ; |lcd|lpm_divide:Mod0|lpm_divide_cqo:auto_generated                                                ; lpm_divide_cqo  ; work         ;
;          |abs_divider_4dg:divider|    ; 1343 (64)           ; 0 (0)                     ; 0           ; 0            ; 0       ; 0         ; 0    ; 0            ; |lcd|lpm_divide:Mod0|lpm_divide_cqo:auto_generated|abs_divider_4dg:divider                        ; abs_divider_4dg ; work         ;
;             |alt_u_div_6af:divider|   ; 1259 (1259)         ; 0 (0)                     ; 0           ; 0            ; 0       ; 0         ; 0    ; 0            ; |lcd|lpm_divide:Mod0|lpm_divide_cqo:auto_generated|abs_divider_4dg:divider|alt_u_div_6af:divider  ; alt_u_div_6af   ; work         ;
;             |lpm_abs_i0a:my_abs_num|  ; 20 (20)             ; 0 (0)                     ; 0           ; 0            ; 0       ; 0         ; 0    ; 0            ; |lcd|lpm_divide:Mod0|lpm_divide_cqo:auto_generated|abs_divider_4dg:divider|lpm_abs_i0a:my_abs_num ; lpm_abs_i0a     ; work         ;
;    |lpm_divide:Mod1|                  ; 1501 (0)            ; 0 (0)                     ; 0           ; 0            ; 0       ; 0         ; 0    ; 0            ; |lcd|lpm_divide:Mod1                                                                              ; lpm_divide      ; work         ;
;       |lpm_divide_cqo:auto_generated| ; 1501 (0)            ; 0 (0)                     ; 0           ; 0            ; 0       ; 0         ; 0    ; 0            ; |lcd|lpm_divide:Mod1|lpm_divide_cqo:auto_generated                                                ; lpm_divide_cqo  ; work         ;
;          |abs_divider_4dg:divider|    ; 1501 (64)           ; 0 (0)                     ; 0           ; 0            ; 0       ; 0         ; 0    ; 0            ; |lcd|lpm_divide:Mod1|lpm_divide_cqo:auto_generated|abs_divider_4dg:divider                        ; abs_divider_4dg ; work         ;
;             |alt_u_div_6af:divider|   ; 1413 (1413)         ; 0 (0)                     ; 0           ; 0            ; 0       ; 0         ; 0    ; 0            ; |lcd|lpm_divide:Mod1|lpm_divide_cqo:auto_generated|abs_divider_4dg:divider|alt_u_div_6af:divider  ; alt_u_div_6af   ; work         ;
;             |lpm_abs_i0a:my_abs_num|  ; 24 (24)             ; 0 (0)                     ; 0           ; 0            ; 0       ; 0         ; 0    ; 0            ; |lcd|lpm_divide:Mod1|lpm_divide_cqo:auto_generated|abs_divider_4dg:divider|lpm_abs_i0a:my_abs_num ; lpm_abs_i0a     ; work         ;
;    |lpm_divide:Mod2|                  ; 1590 (0)            ; 0 (0)                     ; 0           ; 0            ; 0       ; 0         ; 0    ; 0            ; |lcd|lpm_divide:Mod2                                                                              ; lpm_divide      ; work         ;
;       |lpm_divide_cqo:auto_generated| ; 1590 (0)            ; 0 (0)                     ; 0           ; 0            ; 0       ; 0         ; 0    ; 0            ; |lcd|lpm_divide:Mod2|lpm_divide_cqo:auto_generated                                                ; lpm_divide_cqo  ; work         ;
;          |abs_divider_4dg:divider|    ; 1590 (64)           ; 0 (0)                     ; 0           ; 0            ; 0       ; 0         ; 0    ; 0            ; |lcd|lpm_divide:Mod2|lpm_divide_cqo:auto_generated|abs_divider_4dg:divider                        ; abs_divider_4dg ; work         ;
;             |alt_u_div_6af:divider|   ; 1497 (1497)         ; 0 (0)                     ; 0           ; 0            ; 0       ; 0         ; 0    ; 0            ; |lcd|lpm_divide:Mod2|lpm_divide_cqo:auto_generated|abs_divider_4dg:divider|alt_u_div_6af:divider  ; alt_u_div_6af   ; work         ;
;             |lpm_abs_i0a:my_abs_num|  ; 29 (29)             ; 0 (0)                     ; 0           ; 0            ; 0       ; 0         ; 0    ; 0            ; |lcd|lpm_divide:Mod2|lpm_divide_cqo:auto_generated|abs_divider_4dg:divider|lpm_abs_i0a:my_abs_num ; lpm_abs_i0a     ; work         ;
;    |lpm_divide:Mod3|                  ; 1665 (0)            ; 0 (0)                     ; 0           ; 0            ; 0       ; 0         ; 0    ; 0            ; |lcd|lpm_divide:Mod3                                                                              ; lpm_divide      ; work         ;
;       |lpm_divide_cqo:auto_generated| ; 1665 (0)            ; 0 (0)                     ; 0           ; 0            ; 0       ; 0         ; 0    ; 0            ; |lcd|lpm_divide:Mod3|lpm_divide_cqo:auto_generated                                                ; lpm_divide_cqo  ; work         ;
;          |abs_divider_4dg:divider|    ; 1665 (64)           ; 0 (0)                     ; 0           ; 0            ; 0       ; 0         ; 0    ; 0            ; |lcd|lpm_divide:Mod3|lpm_divide_cqo:auto_generated|abs_divider_4dg:divider                        ; abs_divider_4dg ; work         ;
;             |alt_u_div_6af:divider|   ; 1553 (1553)         ; 0 (0)                     ; 0           ; 0            ; 0       ; 0         ; 0    ; 0            ; |lcd|lpm_divide:Mod3|lpm_divide_cqo:auto_generated|abs_divider_4dg:divider|alt_u_div_6af:divider  ; alt_u_div_6af   ; work         ;
;             |lpm_abs_i0a:my_abs_num|  ; 48 (48)             ; 0 (0)                     ; 0           ; 0            ; 0       ; 0         ; 0    ; 0            ; |lcd|lpm_divide:Mod3|lpm_divide_cqo:auto_generated|abs_divider_4dg:divider|lpm_abs_i0a:my_abs_num ; lpm_abs_i0a     ; work         ;
;    |lpm_divide:Mod4|                  ; 1679 (0)            ; 0 (0)                     ; 0           ; 0            ; 0       ; 0         ; 0    ; 0            ; |lcd|lpm_divide:Mod4                                                                              ; lpm_divide      ; work         ;
;       |lpm_divide_cqo:auto_generated| ; 1679 (0)            ; 0 (0)                     ; 0           ; 0            ; 0       ; 0         ; 0    ; 0            ; |lcd|lpm_divide:Mod4|lpm_divide_cqo:auto_generated                                                ; lpm_divide_cqo  ; work         ;
;          |abs_divider_4dg:divider|    ; 1679 (63)           ; 0 (0)                     ; 0           ; 0            ; 0       ; 0         ; 0    ; 0            ; |lcd|lpm_divide:Mod4|lpm_divide_cqo:auto_generated|abs_divider_4dg:divider                        ; abs_divider_4dg ; work         ;
;             |alt_u_div_6af:divider|   ; 1566 (1566)         ; 0 (0)                     ; 0           ; 0            ; 0       ; 0         ; 0    ; 0            ; |lcd|lpm_divide:Mod4|lpm_divide_cqo:auto_generated|abs_divider_4dg:divider|alt_u_div_6af:divider  ; alt_u_div_6af   ; work         ;
;             |lpm_abs_i0a:my_abs_num|  ; 50 (50)             ; 0 (0)                     ; 0           ; 0            ; 0       ; 0         ; 0    ; 0            ; |lcd|lpm_divide:Mod4|lpm_divide_cqo:auto_generated|abs_divider_4dg:divider|lpm_abs_i0a:my_abs_num ; lpm_abs_i0a     ; work         ;
+---------------------------------------+---------------------+---------------------------+-------------+--------------+---------+-----------+------+--------------+---------------------------------------------------------------------------------------------------+-----------------+--------------+
Note: For table entries with two numbers listed, the numbers in parentheses indicate the number of resources of the given type used by the specific entity alone. The numbers listed outside of parentheses indicate the total resources of the given type used by the specific entity and all of its sub-entities in the hierarchy.


Encoding Type:  One-Hot
+---------------------------------------------------------------------------------------------------------------------------------------------------------------------+
; State Machine - |lcd|estado                                                                                                                                         ;
+------------------------+------------+--------------+---------------------+-----------------------+------------------------+-----------------------+-----------------+
; Name                   ; estado.fin ; estado.listo ; estado.configcursor ; estado.limpiardisplay ; estado.encenderdisplay ; estado.configpantalla ; estado.encender ;
+------------------------+------------+--------------+---------------------+-----------------------+------------------------+-----------------------+-----------------+
; estado.encender        ; 0          ; 0            ; 0                   ; 0                     ; 0                      ; 0                     ; 0               ;
; estado.configpantalla  ; 0          ; 0            ; 0                   ; 0                     ; 0                      ; 1                     ; 1               ;
; estado.encenderdisplay ; 0          ; 0            ; 0                   ; 0                     ; 1                      ; 0                     ; 1               ;
; estado.limpiardisplay  ; 0          ; 0            ; 0                   ; 1                     ; 0                      ; 0                     ; 1               ;
; estado.configcursor    ; 0          ; 0            ; 1                   ; 0                     ; 0                      ; 0                     ; 1               ;
; estado.listo           ; 0          ; 1            ; 0                   ; 0                     ; 0                      ; 0                     ; 1               ;
; estado.fin             ; 1          ; 0            ; 0                   ; 0                     ; 0                      ; 0                     ; 1               ;
+------------------------+------------+--------------+---------------------+-----------------------+------------------------+-----------------------+-----------------+


Encoding Type:  One-Hot
+---------------------------------------------------------------------------+
; State Machine - |lcd|estado_actual                                        ;
+------------------+------------------+------------------+------------------+
; Name             ; estado_actual.e2 ; estado_actual.e1 ; estado_actual.e0 ;
+------------------+------------------+------------------+------------------+
; estado_actual.e0 ; 0                ; 0                ; 0                ;
; estado_actual.e1 ; 0                ; 1                ; 1                ;
; estado_actual.e2 ; 1                ; 0                ; 1                ;
+------------------+------------------+------------------+------------------+


+---------------------------------------------------------------------------------+
; Registers Removed During Synthesis                                              ;
+----------------------------------------+----------------------------------------+
; Register name                          ; Reason for Removal                     ;
+----------------------------------------+----------------------------------------+
; mensaje[6][4]                          ; Stuck at VCC due to stuck port data_in ;
; mensaje[6][5]                          ; Stuck at VCC due to stuck port data_in ;
; mensaje[6][7]                          ; Stuck at GND due to stuck port data_in ;
; mensaje[5][5]                          ; Stuck at VCC due to stuck port data_in ;
; mensaje[5][7]                          ; Stuck at GND due to stuck port data_in ;
; mensaje[4][5]                          ; Stuck at VCC due to stuck port data_in ;
; mensaje[4][6]                          ; Stuck at GND due to stuck port data_in ;
; mensaje[4][7]                          ; Stuck at GND due to stuck port data_in ;
; mensaje[2][5]                          ; Stuck at VCC due to stuck port data_in ;
; mensaje[2][7]                          ; Stuck at GND due to stuck port data_in ;
; mensaje[1][5]                          ; Stuck at VCC due to stuck port data_in ;
; mensaje[1][7]                          ; Stuck at GND due to stuck port data_in ;
; mensaje[0][7]                          ; Stuck at GND due to stuck port data_in ;
; j[3..9,11..31]                         ; Merged with j[10]                      ;
; mensaje[0][5]                          ; Merged with mensaje[0][4]              ;
; mensaje[1][4]                          ; Merged with mensaje[0][4]              ;
; mensaje[2][4]                          ; Merged with mensaje[0][4]              ;
; mensaje[4][4]                          ; Merged with mensaje[0][4]              ;
; mensaje[5][4]                          ; Merged with mensaje[0][4]              ;
; mensaje[1][6]                          ; Merged with mensaje[0][6]              ;
; mensaje[2][6]                          ; Merged with mensaje[0][6]              ;
; mensaje[5][6]                          ; Merged with mensaje[0][6]              ;
; mensaje[6][6]                          ; Merged with mensaje[0][6]              ;
; k[1..9,11..31]                         ; Merged with k[10]                      ;
; k[10]                                  ; Stuck at GND due to stuck port data_in ;
; mensaje[0][6]                          ; Merged with mensaje[0][4]              ;
; lcd[7]~reg0                            ; Stuck at GND due to stuck port data_in ;
; rw~reg0                                ; Stuck at GND due to stuck port data_in ;
; j[10]                                  ; Stuck at GND due to stuck port data_in ;
; estado_actual.e0                       ; Lost fanout                            ;
; estado_actual.e1                       ; Lost fanout                            ;
; estado_actual.e2                       ; Lost fanout                            ;
; Total Number of Removed Registers = 88 ;                                        ;
+----------------------------------------+----------------------------------------+


+------------------------------------------------------------------------------------+
; Removed Registers Triggering Further Register Optimizations                        ;
+---------------+---------------------------+----------------------------------------+
; Register name ; Reason for Removal        ; Registers Removed due to This Register ;
+---------------+---------------------------+----------------------------------------+
; mensaje[6][7] ; Stuck at GND              ; lcd[7]~reg0                            ;
;               ; due to stuck port data_in ;                                        ;
+---------------+---------------------------+----------------------------------------+


+------------------------------------------------------+
; General Register Statistics                          ;
+----------------------------------------------+-------+
; Statistic                                    ; Value ;
+----------------------------------------------+-------+
; Total registers                              ; 197   ;
; Number of registers using Synchronous Clear  ; 32    ;
; Number of registers using Synchronous Load   ; 0     ;
; Number of registers using Asynchronous Clear ; 0     ;
; Number of registers using Asynchronous Load  ; 0     ;
; Number of registers using Clock Enable       ; 144   ;
; Number of registers using Preset             ; 0     ;
+----------------------------------------------+-------+


+---------------------------------------------------+
; Inverted Register Statistics                      ;
+-----------------------------------------+---------+
; Inverted Register                       ; Fan out ;
+-----------------------------------------+---------+
; mensaje[6][0]                           ; 1       ;
; mensaje[1][0]                           ; 1       ;
; mensaje[5][0]                           ; 1       ;
; mensaje[1][1]                           ; 1       ;
; mensaje[2][2]                           ; 1       ;
; mensaje[6][2]                           ; 1       ;
; mensaje[1][2]                           ; 1       ;
; mensaje[5][2]                           ; 1       ;
; mensaje[2][3]                           ; 1       ;
; mensaje[1][3]                           ; 1       ;
; mensaje[0][3]                           ; 1       ;
; mensaje[5][3]                           ; 1       ;
; \comb_logic:sumador[4]                  ; 5       ;
; \comb_logic:sumador[6]                  ; 6       ;
; \comb_logic:sumador[8]                  ; 6       ;
; \comb_logic:sumador[7]                  ; 24      ;
; \comb_logic:sumador[10]                 ; 6       ;
; \comb_logic:sumador[9]                  ; 24      ;
; Total number of inverted registers = 18 ;         ;
+-----------------------------------------+---------+


+--------------------------------------------------------------------------------------------------------------------------------------------+
; Multiplexer Restructuring Statistics (Restructuring Performed)                                                                             ;
+--------------------+-----------+---------------+----------------------+------------------------+------------+------------------------------+
; Multiplexer Inputs ; Bus Width ; Baseline Area ; Area if Restructured ; Saving if Restructured ; Registered ; Example Multiplexer Output   ;
+--------------------+-----------+---------------+----------------------+------------------------+------------+------------------------------+
; 3:1                ; 23 bits   ; 46 LEs        ; 46 LEs               ; 0 LEs                  ; Yes        ; |lcd|\comb_logic:sumador[20] ;
; 257:1              ; 4 bits    ; 684 LEs       ; 12 LEs               ; 672 LEs                ; Yes        ; |lcd|j[0]                    ;
; 7:1                ; 32 bits   ; 128 LEs       ; 32 LEs               ; 96 LEs                 ; Yes        ; |lcd|\comb_logic:contar[19]  ;
; 3:1                ; 6 bits    ; 12 LEs        ; 12 LEs               ; 0 LEs                  ; Yes        ; |lcd|\comb_logic:sumador[10] ;
; 3:1                ; 3 bits    ; 6 LEs         ; 6 LEs                ; 0 LEs                  ; No         ; |lcd|sumador                 ;
; 3:1                ; 31 bits   ; 62 LEs        ; 62 LEs               ; 0 LEs                  ; No         ; |lcd|sumador                 ;
; 3:1                ; 29 bits   ; 58 LEs        ; 58 LEs               ; 0 LEs                  ; No         ; |lcd|sumador                 ;
+--------------------+-----------+---------------+----------------------+------------------------+------------+------------------------------+


+------------------------------------------------------------------+
; Parameter Settings for Inferred Entity Instance: lpm_divide:Div3 ;
+------------------------+----------------+------------------------+
; Parameter Name         ; Value          ; Type                   ;
+------------------------+----------------+------------------------+
; LPM_WIDTHN             ; 32             ; Untyped                ;
; LPM_WIDTHD             ; 8              ; Untyped                ;
; LPM_NREPRESENTATION    ; SIGNED         ; Untyped                ;
; LPM_DREPRESENTATION    ; SIGNED         ; Untyped                ;
; LPM_PIPELINE           ; 0              ; Untyped                ;
; LPM_REMAINDERPOSITIVE  ; FALSE          ; Untyped                ;
; MAXIMIZE_SPEED         ; 5              ; Untyped                ;
; CBXI_PARAMETER         ; lpm_divide_s0p ; Untyped                ;
; CARRY_CHAIN            ; MANUAL         ; Untyped                ;
; OPTIMIZE_FOR_SPEED     ; 5              ; Untyped                ;
; AUTO_CARRY_CHAINS      ; ON             ; AUTO_CARRY             ;
; IGNORE_CARRY_BUFFERS   ; OFF            ; IGNORE_CARRY           ;
; AUTO_CASCADE_CHAINS    ; ON             ; AUTO_CASCADE           ;
; IGNORE_CASCADE_BUFFERS ; OFF            ; IGNORE_CASCADE         ;
+------------------------+----------------+------------------------+
Note: In order to hide this table in the UI and the text report file, please set the "Show Parameter Settings in Synthesis Report" option in "Analysis and Synthesis Settings -> More Settings" to "Off".


+------------------------------------------------------------------+
; Parameter Settings for Inferred Entity Instance: lpm_divide:Mod2 ;
+------------------------+----------------+------------------------+
; Parameter Name         ; Value          ; Type                   ;
+------------------------+----------------+------------------------+
; LPM_WIDTHN             ; 32             ; Untyped                ;
; LPM_WIDTHD             ; 32             ; Untyped                ;
; LPM_NREPRESENTATION    ; SIGNED         ; Untyped                ;
; LPM_DREPRESENTATION    ; SIGNED         ; Untyped                ;
; LPM_PIPELINE           ; 0              ; Untyped                ;
; LPM_REMAINDERPOSITIVE  ; FALSE          ; Untyped                ;
; MAXIMIZE_SPEED         ; 5              ; Untyped                ;
; CBXI_PARAMETER         ; lpm_divide_cqo ; Untyped                ;
; CARRY_CHAIN            ; MANUAL         ; Untyped                ;
; OPTIMIZE_FOR_SPEED     ; 5              ; Untyped                ;
; AUTO_CARRY_CHAINS      ; ON             ; AUTO_CARRY             ;
; IGNORE_CARRY_BUFFERS   ; OFF            ; IGNORE_CARRY           ;
; AUTO_CASCADE_CHAINS    ; ON             ; AUTO_CASCADE           ;
; IGNORE_CASCADE_BUFFERS ; OFF            ; IGNORE_CASCADE         ;
+------------------------+----------------+------------------------+
Note: In order to hide this table in the UI and the text report file, please set the "Show Parameter Settings in Synthesis Report" option in "Analysis and Synthesis Settings -> More Settings" to "Off".


+------------------------------------------------------------------+
; Parameter Settings for Inferred Entity Instance: lpm_divide:Div1 ;
+------------------------+----------------+------------------------+
; Parameter Name         ; Value          ; Type                   ;
+------------------------+----------------+------------------------+
; LPM_WIDTHN             ; 32             ; Untyped                ;
; LPM_WIDTHD             ; 15             ; Untyped                ;
; LPM_NREPRESENTATION    ; SIGNED         ; Untyped                ;
; LPM_DREPRESENTATION    ; SIGNED         ; Untyped                ;
; LPM_PIPELINE           ; 0              ; Untyped                ;
; LPM_REMAINDERPOSITIVE  ; FALSE          ; Untyped                ;
; MAXIMIZE_SPEED         ; 5              ; Untyped                ;
; CBXI_PARAMETER         ; lpm_divide_a2p ; Untyped                ;
; CARRY_CHAIN            ; MANUAL         ; Untyped                ;
; OPTIMIZE_FOR_SPEED     ; 5              ; Untyped                ;
; AUTO_CARRY_CHAINS      ; ON             ; AUTO_CARRY             ;
; IGNORE_CARRY_BUFFERS   ; OFF            ; IGNORE_CARRY           ;
; AUTO_CASCADE_CHAINS    ; ON             ; AUTO_CASCADE           ;
; IGNORE_CASCADE_BUFFERS ; OFF            ; IGNORE_CASCADE         ;
+------------------------+----------------+------------------------+
Note: In order to hide this table in the UI and the text report file, please set the "Show Parameter Settings in Synthesis Report" option in "Analysis and Synthesis Settings -> More Settings" to "Off".


+------------------------------------------------------------------+
; Parameter Settings for Inferred Entity Instance: lpm_divide:Mod0 ;
+------------------------+----------------+------------------------+
; Parameter Name         ; Value          ; Type                   ;
+------------------------+----------------+------------------------+
; LPM_WIDTHN             ; 32             ; Untyped                ;
; LPM_WIDTHD             ; 32             ; Untyped                ;
; LPM_NREPRESENTATION    ; SIGNED         ; Untyped                ;
; LPM_DREPRESENTATION    ; SIGNED         ; Untyped                ;
; LPM_PIPELINE           ; 0              ; Untyped                ;
; LPM_REMAINDERPOSITIVE  ; FALSE          ; Untyped                ;
; MAXIMIZE_SPEED         ; 5              ; Untyped                ;
; CBXI_PARAMETER         ; lpm_divide_cqo ; Untyped                ;
; CARRY_CHAIN            ; MANUAL         ; Untyped                ;
; OPTIMIZE_FOR_SPEED     ; 5              ; Untyped                ;
; AUTO_CARRY_CHAINS      ; ON             ; AUTO_CARRY             ;
; IGNORE_CARRY_BUFFERS   ; OFF            ; IGNORE_CARRY           ;
; AUTO_CASCADE_CHAINS    ; ON             ; AUTO_CASCADE           ;
; IGNORE_CASCADE_BUFFERS ; OFF            ; IGNORE_CASCADE         ;
+------------------------+----------------+------------------------+
Note: In order to hide this table in the UI and the text report file, please set the "Show Parameter Settings in Synthesis Report" option in "Analysis and Synthesis Settings -> More Settings" to "Off".


+------------------------------------------------------------------+
; Parameter Settings for Inferred Entity Instance: lpm_divide:Div0 ;
+------------------------+----------------+------------------------+
; Parameter Name         ; Value          ; Type                   ;
+------------------------+----------------+------------------------+
; LPM_WIDTHN             ; 32             ; Untyped                ;
; LPM_WIDTHD             ; 18             ; Untyped                ;
; LPM_NREPRESENTATION    ; SIGNED         ; Untyped                ;
; LPM_DREPRESENTATION    ; SIGNED         ; Untyped                ;
; LPM_PIPELINE           ; 0              ; Untyped                ;
; LPM_REMAINDERPOSITIVE  ; FALSE          ; Untyped                ;
; MAXIMIZE_SPEED         ; 5              ; Untyped                ;
; CBXI_PARAMETER         ; lpm_divide_d2p ; Untyped                ;
; CARRY_CHAIN            ; MANUAL         ; Untyped                ;
; OPTIMIZE_FOR_SPEED     ; 5              ; Untyped                ;
; AUTO_CARRY_CHAINS      ; ON             ; AUTO_CARRY             ;
; IGNORE_CARRY_BUFFERS   ; OFF            ; IGNORE_CARRY           ;
; AUTO_CASCADE_CHAINS    ; ON             ; AUTO_CASCADE           ;
; IGNORE_CASCADE_BUFFERS ; OFF            ; IGNORE_CASCADE         ;
+------------------------+----------------+------------------------+
Note: In order to hide this table in the UI and the text report file, please set the "Show Parameter Settings in Synthesis Report" option in "Analysis and Synthesis Settings -> More Settings" to "Off".


+------------------------------------------------------------------+
; Parameter Settings for Inferred Entity Instance: lpm_divide:Div4 ;
+------------------------+----------------+------------------------+
; Parameter Name         ; Value          ; Type                   ;
+------------------------+----------------+------------------------+
; LPM_WIDTHN             ; 32             ; Untyped                ;
; LPM_WIDTHD             ; 5              ; Untyped                ;
; LPM_NREPRESENTATION    ; SIGNED         ; Untyped                ;
; LPM_DREPRESENTATION    ; SIGNED         ; Untyped                ;
; LPM_PIPELINE           ; 0              ; Untyped                ;
; LPM_REMAINDERPOSITIVE  ; FALSE          ; Untyped                ;
; MAXIMIZE_SPEED         ; 5              ; Untyped                ;
; CBXI_PARAMETER         ; lpm_divide_p0p ; Untyped                ;
; CARRY_CHAIN            ; MANUAL         ; Untyped                ;
; OPTIMIZE_FOR_SPEED     ; 5              ; Untyped                ;
; AUTO_CARRY_CHAINS      ; ON             ; AUTO_CARRY             ;
; IGNORE_CARRY_BUFFERS   ; OFF            ; IGNORE_CARRY           ;
; AUTO_CASCADE_CHAINS    ; ON             ; AUTO_CASCADE           ;
; IGNORE_CASCADE_BUFFERS ; OFF            ; IGNORE_CASCADE         ;
+------------------------+----------------+------------------------+
Note: In order to hide this table in the UI and the text report file, please set the "Show Parameter Settings in Synthesis Report" option in "Analysis and Synthesis Settings -> More Settings" to "Off".


+------------------------------------------------------------------+
; Parameter Settings for Inferred Entity Instance: lpm_divide:Mod3 ;
+------------------------+----------------+------------------------+
; Parameter Name         ; Value          ; Type                   ;
+------------------------+----------------+------------------------+
; LPM_WIDTHN             ; 32             ; Untyped                ;
; LPM_WIDTHD             ; 32             ; Untyped                ;
; LPM_NREPRESENTATION    ; SIGNED         ; Untyped                ;
; LPM_DREPRESENTATION    ; SIGNED         ; Untyped                ;
; LPM_PIPELINE           ; 0              ; Untyped                ;
; LPM_REMAINDERPOSITIVE  ; FALSE          ; Untyped                ;
; MAXIMIZE_SPEED         ; 5              ; Untyped                ;
; CBXI_PARAMETER         ; lpm_divide_cqo ; Untyped                ;
; CARRY_CHAIN            ; MANUAL         ; Untyped                ;
; OPTIMIZE_FOR_SPEED     ; 5              ; Untyped                ;
; AUTO_CARRY_CHAINS      ; ON             ; AUTO_CARRY             ;
; IGNORE_CARRY_BUFFERS   ; OFF            ; IGNORE_CARRY           ;
; AUTO_CASCADE_CHAINS    ; ON             ; AUTO_CASCADE           ;
; IGNORE_CASCADE_BUFFERS ; OFF            ; IGNORE_CASCADE         ;
+------------------------+----------------+------------------------+
Note: In order to hide this table in the UI and the text report file, please set the "Show Parameter Settings in Synthesis Report" option in "Analysis and Synthesis Settings -> More Settings" to "Off".


+------------------------------------------------------------------+
; Parameter Settings for Inferred Entity Instance: lpm_divide:Div2 ;
+------------------------+----------------+------------------------+
; Parameter Name         ; Value          ; Type                   ;
+------------------------+----------------+------------------------+
; LPM_WIDTHN             ; 32             ; Untyped                ;
; LPM_WIDTHD             ; 11             ; Untyped                ;
; LPM_NREPRESENTATION    ; SIGNED         ; Untyped                ;
; LPM_DREPRESENTATION    ; SIGNED         ; Untyped                ;
; LPM_PIPELINE           ; 0              ; Untyped                ;
; LPM_REMAINDERPOSITIVE  ; FALSE          ; Untyped                ;
; MAXIMIZE_SPEED         ; 5              ; Untyped                ;
; CBXI_PARAMETER         ; lpm_divide_62p ; Untyped                ;
; CARRY_CHAIN            ; MANUAL         ; Untyped                ;
; OPTIMIZE_FOR_SPEED     ; 5              ; Untyped                ;
; AUTO_CARRY_CHAINS      ; ON             ; AUTO_CARRY             ;
; IGNORE_CARRY_BUFFERS   ; OFF            ; IGNORE_CARRY           ;
; AUTO_CASCADE_CHAINS    ; ON             ; AUTO_CASCADE           ;
; IGNORE_CASCADE_BUFFERS ; OFF            ; IGNORE_CASCADE         ;
+------------------------+----------------+------------------------+
Note: In order to hide this table in the UI and the text report file, please set the "Show Parameter Settings in Synthesis Report" option in "Analysis and Synthesis Settings -> More Settings" to "Off".


+------------------------------------------------------------------+
; Parameter Settings for Inferred Entity Instance: lpm_divide:Mod1 ;
+------------------------+----------------+------------------------+
; Parameter Name         ; Value          ; Type                   ;
+------------------------+----------------+------------------------+
; LPM_WIDTHN             ; 32             ; Untyped                ;
; LPM_WIDTHD             ; 32             ; Untyped                ;
; LPM_NREPRESENTATION    ; SIGNED         ; Untyped                ;
; LPM_DREPRESENTATION    ; SIGNED         ; Untyped                ;
; LPM_PIPELINE           ; 0              ; Untyped                ;
; LPM_REMAINDERPOSITIVE  ; FALSE          ; Untyped                ;
; MAXIMIZE_SPEED         ; 5              ; Untyped                ;
; CBXI_PARAMETER         ; lpm_divide_cqo ; Untyped                ;
; CARRY_CHAIN            ; MANUAL         ; Untyped                ;
; OPTIMIZE_FOR_SPEED     ; 5              ; Untyped                ;
; AUTO_CARRY_CHAINS      ; ON             ; AUTO_CARRY             ;
; IGNORE_CARRY_BUFFERS   ; OFF            ; IGNORE_CARRY           ;
; AUTO_CASCADE_CHAINS    ; ON             ; AUTO_CASCADE           ;
; IGNORE_CASCADE_BUFFERS ; OFF            ; IGNORE_CASCADE         ;
+------------------------+----------------+------------------------+
Note: In order to hide this table in the UI and the text report file, please set the "Show Parameter Settings in Synthesis Report" option in "Analysis and Synthesis Settings -> More Settings" to "Off".


+------------------------------------------------------------------+
; Parameter Settings for Inferred Entity Instance: lpm_divide:Mod4 ;
+------------------------+----------------+------------------------+
; Parameter Name         ; Value          ; Type                   ;
+------------------------+----------------+------------------------+
; LPM_WIDTHN             ; 32             ; Untyped                ;
; LPM_WIDTHD             ; 32             ; Untyped                ;
; LPM_NREPRESENTATION    ; SIGNED         ; Untyped                ;
; LPM_DREPRESENTATION    ; SIGNED         ; Untyped                ;
; LPM_PIPELINE           ; 0              ; Untyped                ;
; LPM_REMAINDERPOSITIVE  ; FALSE          ; Untyped                ;
; MAXIMIZE_SPEED         ; 5              ; Untyped                ;
; CBXI_PARAMETER         ; lpm_divide_cqo ; Untyped                ;
; CARRY_CHAIN            ; MANUAL         ; Untyped                ;
; OPTIMIZE_FOR_SPEED     ; 5              ; Untyped                ;
; AUTO_CARRY_CHAINS      ; ON             ; AUTO_CARRY             ;
; IGNORE_CARRY_BUFFERS   ; OFF            ; IGNORE_CARRY           ;
; AUTO_CASCADE_CHAINS    ; ON             ; AUTO_CASCADE           ;
; IGNORE_CASCADE_BUFFERS ; OFF            ; IGNORE_CASCADE         ;
+------------------------+----------------+------------------------+
Note: In order to hide this table in the UI and the text report file, please set the "Show Parameter Settings in Synthesis Report" option in "Analysis and Synthesis Settings -> More Settings" to "Off".


+-----------------------------------------------------+
; Post-Synthesis Netlist Statistics for Top Partition ;
+-----------------------+-----------------------------+
; Type                  ; Count                       ;
+-----------------------+-----------------------------+
; boundary_port         ; 18                          ;
; cycloneiii_ff         ; 197                         ;
;     ENA               ; 112                         ;
;     ENA SCLR          ; 32                          ;
;     plain             ; 53                          ;
; cycloneiii_lcell_comb ; 12386                       ;
;     arith             ; 4021                        ;
;         1 data inputs ; 28                          ;
;         2 data inputs ; 507                         ;
;         3 data inputs ; 3486                        ;
;     normal            ; 8365                        ;
;         0 data inputs ; 246                         ;
;         1 data inputs ; 10                          ;
;         2 data inputs ; 3889                        ;
;         3 data inputs ; 240                         ;
;         4 data inputs ; 3980                        ;
;                       ;                             ;
; Max LUT depth         ; 214.30                      ;
; Average LUT depth     ; 166.49                      ;
+-----------------------+-----------------------------+


+-------------------------------+
; Elapsed Time Per Partition    ;
+----------------+--------------+
; Partition Name ; Elapsed Time ;
+----------------+--------------+
; Top            ; 00:00:31     ;
+----------------+--------------+


+-------------------------------+
; Analysis & Synthesis Messages ;
+-------------------------------+
Info: *******************************************************************
Info: Running Quartus Prime Analysis & Synthesis
    Info: Version 17.1.0 Build 590 10/25/2017 SJ Lite Edition
    Info: Processing started: Thu Sep 29 17:47:28 2022
Info: Command: quartus_map --read_settings_files=on --write_settings_files=off lcd -c lcd
Warning (18236): Number of processors has not been specified which may cause overloading on shared machines.  Set the global assignment NUM_PARALLEL_PROCESSORS in your QSF to an appropriate value for best performance.
Info (20030): Parallel compilation is enabled and will use 2 of the 2 processors detected
Info (12021): Found 2 design units, including 1 entities, in source file lcd.vhd
    Info (12022): Found design unit 1: lcd-FSM File: C:/Users/labsistemas06/Desktop/Punto2/lcd.vhd Line: 22
    Info (12023): Found entity 1: lcd File: C:/Users/labsistemas06/Desktop/Punto2/lcd.vhd Line: 6
Info (12127): Elaborating entity "lcd" for the top level hierarchy
Warning (10036): Verilog HDL or VHDL warning at lcd.vhd(31): object "sig0" assigned a value but never read File: C:/Users/labsistemas06/Desktop/Punto2/lcd.vhd Line: 31
Warning (10036): Verilog HDL or VHDL warning at lcd.vhd(31): object "sig1" assigned a value but never read File: C:/Users/labsistemas06/Desktop/Punto2/lcd.vhd Line: 31
Warning (10036): Verilog HDL or VHDL warning at lcd.vhd(31): object "sig2" assigned a value but never read File: C:/Users/labsistemas06/Desktop/Punto2/lcd.vhd Line: 31
Info (278001): Inferred 10 megafunctions from design logic
    Info (278004): Inferred divider/modulo megafunction ("lpm_divide") from the following logic: "Div3" File: C:/Users/labsistemas06/Desktop/Punto2/lcd.vhd Line: 114
    Info (278004): Inferred divider/modulo megafunction ("lpm_divide") from the following logic: "Mod2" File: C:/Users/labsistemas06/Desktop/Punto2/lcd.vhd Line: 114
    Info (278004): Inferred divider/modulo megafunction ("lpm_divide") from the following logic: "Div1" File: C:/Users/labsistemas06/Desktop/Punto2/lcd.vhd Line: 112
    Info (278004): Inferred divider/modulo megafunction ("lpm_divide") from the following logic: "Mod0" File: C:/Users/labsistemas06/Desktop/Punto2/lcd.vhd Line: 112
    Info (278004): Inferred divider/modulo megafunction ("lpm_divide") from the following logic: "Div0" File: C:/Users/labsistemas06/Desktop/Punto2/lcd.vhd Line: 111
    Info (278004): Inferred divider/modulo megafunction ("lpm_divide") from the following logic: "Div4" File: C:/Users/labsistemas06/Desktop/Punto2/lcd.vhd Line: 115
    Info (278004): Inferred divider/modulo megafunction ("lpm_divide") from the following logic: "Mod3" File: C:/Users/labsistemas06/Desktop/Punto2/lcd.vhd Line: 115
    Info (278004): Inferred divider/modulo megafunction ("lpm_divide") from the following logic: "Div2" File: C:/Users/labsistemas06/Desktop/Punto2/lcd.vhd Line: 113
    Info (278004): Inferred divider/modulo megafunction ("lpm_divide") from the following logic: "Mod1" File: C:/Users/labsistemas06/Desktop/Punto2/lcd.vhd Line: 113
    Info (278004): Inferred divider/modulo megafunction ("lpm_divide") from the following logic: "Mod4" File: C:/Users/labsistemas06/Desktop/Punto2/lcd.vhd Line: 116
Info (12130): Elaborated megafunction instantiation "lpm_divide:Div3" File: C:/Users/labsistemas06/Desktop/Punto2/lcd.vhd Line: 114
Info (12133): Instantiated megafunction "lpm_divide:Div3" with the following parameter: File: C:/Users/labsistemas06/Desktop/Punto2/lcd.vhd Line: 114
    Info (12134): Parameter "LPM_WIDTHN" = "32"
    Info (12134): Parameter "LPM_WIDTHD" = "8"
    Info (12134): Parameter "LPM_NREPRESENTATION" = "SIGNED"
    Info (12134): Parameter "LPM_DREPRESENTATION" = "SIGNED"
    Info (12134): Parameter "LPM_HINT" = "LPM_REMAINDERPOSITIVE=FALSE"
Info (12021): Found 1 design units, including 1 entities, in source file db/lpm_divide_s0p.tdf
    Info (12023): Found entity 1: lpm_divide_s0p File: C:/Users/labsistemas06/Desktop/Punto2/db/lpm_divide_s0p.tdf Line: 24
Info (12021): Found 1 design units, including 1 entities, in source file db/abs_divider_nbg.tdf
    Info (12023): Found entity 1: abs_divider_nbg File: C:/Users/labsistemas06/Desktop/Punto2/db/abs_divider_nbg.tdf Line: 28
Info (12021): Found 1 design units, including 1 entities, in source file db/alt_u_div_c7f.tdf
    Info (12023): Found entity 1: alt_u_div_c7f File: C:/Users/labsistemas06/Desktop/Punto2/db/alt_u_div_c7f.tdf Line: 26
Info (12021): Found 1 design units, including 1 entities, in source file db/add_sub_7pc.tdf
    Info (12023): Found entity 1: add_sub_7pc File: C:/Users/labsistemas06/Desktop/Punto2/db/add_sub_7pc.tdf Line: 22
Info (12021): Found 1 design units, including 1 entities, in source file db/add_sub_8pc.tdf
    Info (12023): Found entity 1: add_sub_8pc File: C:/Users/labsistemas06/Desktop/Punto2/db/add_sub_8pc.tdf Line: 22
Info (12021): Found 1 design units, including 1 entities, in source file db/lpm_abs_5v9.tdf
    Info (12023): Found entity 1: lpm_abs_5v9 File: C:/Users/labsistemas06/Desktop/Punto2/db/lpm_abs_5v9.tdf Line: 24
Info (12021): Found 1 design units, including 1 entities, in source file db/lpm_abs_i0a.tdf
    Info (12023): Found entity 1: lpm_abs_i0a File: C:/Users/labsistemas06/Desktop/Punto2/db/lpm_abs_i0a.tdf Line: 24
Info (12130): Elaborated megafunction instantiation "lpm_divide:Mod2" File: C:/Users/labsistemas06/Desktop/Punto2/lcd.vhd Line: 114
Info (12133): Instantiated megafunction "lpm_divide:Mod2" with the following parameter: File: C:/Users/labsistemas06/Desktop/Punto2/lcd.vhd Line: 114
    Info (12134): Parameter "LPM_WIDTHN" = "32"
    Info (12134): Parameter "LPM_WIDTHD" = "32"
    Info (12134): Parameter "LPM_NREPRESENTATION" = "SIGNED"
    Info (12134): Parameter "LPM_DREPRESENTATION" = "SIGNED"
    Info (12134): Parameter "LPM_HINT" = "LPM_REMAINDERPOSITIVE=FALSE"
Info (12021): Found 1 design units, including 1 entities, in source file db/lpm_divide_cqo.tdf
    Info (12023): Found entity 1: lpm_divide_cqo File: C:/Users/labsistemas06/Desktop/Punto2/db/lpm_divide_cqo.tdf Line: 24
Info (12021): Found 1 design units, including 1 entities, in source file db/abs_divider_4dg.tdf
    Info (12023): Found entity 1: abs_divider_4dg File: C:/Users/labsistemas06/Desktop/Punto2/db/abs_divider_4dg.tdf Line: 26
Info (12021): Found 1 design units, including 1 entities, in source file db/alt_u_div_6af.tdf
    Info (12023): Found entity 1: alt_u_div_6af File: C:/Users/labsistemas06/Desktop/Punto2/db/alt_u_div_6af.tdf Line: 26
Info (12130): Elaborated megafunction instantiation "lpm_divide:Div1" File: C:/Users/labsistemas06/Desktop/Punto2/lcd.vhd Line: 112
Info (12133): Instantiated megafunction "lpm_divide:Div1" with the following parameter: File: C:/Users/labsistemas06/Desktop/Punto2/lcd.vhd Line: 112
    Info (12134): Parameter "LPM_WIDTHN" = "32"
    Info (12134): Parameter "LPM_WIDTHD" = "15"
    Info (12134): Parameter "LPM_NREPRESENTATION" = "SIGNED"
    Info (12134): Parameter "LPM_DREPRESENTATION" = "SIGNED"
    Info (12134): Parameter "LPM_HINT" = "LPM_REMAINDERPOSITIVE=FALSE"
Info (12021): Found 1 design units, including 1 entities, in source file db/lpm_divide_a2p.tdf
    Info (12023): Found entity 1: lpm_divide_a2p File: C:/Users/labsistemas06/Desktop/Punto2/db/lpm_divide_a2p.tdf Line: 24
Info (12021): Found 1 design units, including 1 entities, in source file db/abs_divider_5dg.tdf
    Info (12023): Found entity 1: abs_divider_5dg File: C:/Users/labsistemas06/Desktop/Punto2/db/abs_divider_5dg.tdf Line: 28
Info (12021): Found 1 design units, including 1 entities, in source file db/alt_u_div_8af.tdf
    Info (12023): Found entity 1: alt_u_div_8af File: C:/Users/labsistemas06/Desktop/Punto2/db/alt_u_div_8af.tdf Line: 26
Info (12021): Found 1 design units, including 1 entities, in source file db/lpm_abs_j0a.tdf
    Info (12023): Found entity 1: lpm_abs_j0a File: C:/Users/labsistemas06/Desktop/Punto2/db/lpm_abs_j0a.tdf Line: 24
Info (12130): Elaborated megafunction instantiation "lpm_divide:Div0" File: C:/Users/labsistemas06/Desktop/Punto2/lcd.vhd Line: 111
Info (12133): Instantiated megafunction "lpm_divide:Div0" with the following parameter: File: C:/Users/labsistemas06/Desktop/Punto2/lcd.vhd Line: 111
    Info (12134): Parameter "LPM_WIDTHN" = "32"
    Info (12134): Parameter "LPM_WIDTHD" = "18"
    Info (12134): Parameter "LPM_NREPRESENTATION" = "SIGNED"
    Info (12134): Parameter "LPM_DREPRESENTATION" = "SIGNED"
    Info (12134): Parameter "LPM_HINT" = "LPM_REMAINDERPOSITIVE=FALSE"
Info (12021): Found 1 design units, including 1 entities, in source file db/lpm_divide_d2p.tdf
    Info (12023): Found entity 1: lpm_divide_d2p File: C:/Users/labsistemas06/Desktop/Punto2/db/lpm_divide_d2p.tdf Line: 24
Info (12021): Found 1 design units, including 1 entities, in source file db/abs_divider_8dg.tdf
    Info (12023): Found entity 1: abs_divider_8dg File: C:/Users/labsistemas06/Desktop/Punto2/db/abs_divider_8dg.tdf Line: 28
Info (12021): Found 1 design units, including 1 entities, in source file db/alt_u_div_eaf.tdf
    Info (12023): Found entity 1: alt_u_div_eaf File: C:/Users/labsistemas06/Desktop/Punto2/db/alt_u_div_eaf.tdf Line: 26
Info (12021): Found 1 design units, including 1 entities, in source file db/lpm_abs_m0a.tdf
    Info (12023): Found entity 1: lpm_abs_m0a File: C:/Users/labsistemas06/Desktop/Punto2/db/lpm_abs_m0a.tdf Line: 24
Info (12130): Elaborated megafunction instantiation "lpm_divide:Div4" File: C:/Users/labsistemas06/Desktop/Punto2/lcd.vhd Line: 115
Info (12133): Instantiated megafunction "lpm_divide:Div4" with the following parameter: File: C:/Users/labsistemas06/Desktop/Punto2/lcd.vhd Line: 115
    Info (12134): Parameter "LPM_WIDTHN" = "32"
    Info (12134): Parameter "LPM_WIDTHD" = "5"
    Info (12134): Parameter "LPM_NREPRESENTATION" = "SIGNED"
    Info (12134): Parameter "LPM_DREPRESENTATION" = "SIGNED"
    Info (12134): Parameter "LPM_HINT" = "LPM_REMAINDERPOSITIVE=FALSE"
Info (12021): Found 1 design units, including 1 entities, in source file db/lpm_divide_p0p.tdf
    Info (12023): Found entity 1: lpm_divide_p0p File: C:/Users/labsistemas06/Desktop/Punto2/db/lpm_divide_p0p.tdf Line: 24
Info (12021): Found 1 design units, including 1 entities, in source file db/abs_divider_kbg.tdf
    Info (12023): Found entity 1: abs_divider_kbg File: C:/Users/labsistemas06/Desktop/Punto2/db/abs_divider_kbg.tdf Line: 28
Info (12021): Found 1 design units, including 1 entities, in source file db/alt_u_div_67f.tdf
    Info (12023): Found entity 1: alt_u_div_67f File: C:/Users/labsistemas06/Desktop/Punto2/db/alt_u_div_67f.tdf Line: 26
Info (12021): Found 1 design units, including 1 entities, in source file db/lpm_abs_2v9.tdf
    Info (12023): Found entity 1: lpm_abs_2v9 File: C:/Users/labsistemas06/Desktop/Punto2/db/lpm_abs_2v9.tdf Line: 24
Info (12130): Elaborated megafunction instantiation "lpm_divide:Div2" File: C:/Users/labsistemas06/Desktop/Punto2/lcd.vhd Line: 113
Info (12133): Instantiated megafunction "lpm_divide:Div2" with the following parameter: File: C:/Users/labsistemas06/Desktop/Punto2/lcd.vhd Line: 113
    Info (12134): Parameter "LPM_WIDTHN" = "32"
    Info (12134): Parameter "LPM_WIDTHD" = "11"
    Info (12134): Parameter "LPM_NREPRESENTATION" = "SIGNED"
    Info (12134): Parameter "LPM_DREPRESENTATION" = "SIGNED"
    Info (12134): Parameter "LPM_HINT" = "LPM_REMAINDERPOSITIVE=FALSE"
Info (12021): Found 1 design units, including 1 entities, in source file db/lpm_divide_62p.tdf
    Info (12023): Found entity 1: lpm_divide_62p File: C:/Users/labsistemas06/Desktop/Punto2/db/lpm_divide_62p.tdf Line: 24
Info (12021): Found 1 design units, including 1 entities, in source file db/abs_divider_1dg.tdf
    Info (12023): Found entity 1: abs_divider_1dg File: C:/Users/labsistemas06/Desktop/Punto2/db/abs_divider_1dg.tdf Line: 28
Info (12021): Found 1 design units, including 1 entities, in source file db/alt_u_div_0af.tdf
    Info (12023): Found entity 1: alt_u_div_0af File: C:/Users/labsistemas06/Desktop/Punto2/db/alt_u_div_0af.tdf Line: 26
Info (12021): Found 1 design units, including 1 entities, in source file db/lpm_abs_f0a.tdf
    Info (12023): Found entity 1: lpm_abs_f0a File: C:/Users/labsistemas06/Desktop/Punto2/db/lpm_abs_f0a.tdf Line: 24
Info (13014): Ignored 291 buffer(s)
    Info (13016): Ignored 291 CARRY_SUM buffer(s)
Warning (13024): Output pins are stuck at VCC or GND
    Warning (13410): Pin "lcd[7]" is stuck at GND File: C:/Users/labsistemas06/Desktop/Punto2/lcd.vhd Line: 102
    Warning (13410): Pin "rw" is stuck at GND File: C:/Users/labsistemas06/Desktop/Punto2/lcd.vhd Line: 11
Info (286030): Timing-Driven Synthesis is running
Info (17049): 3 registers lost all their fanouts during netlist optimizations.
Info (16010): Generating hard_block partition "hard_block:auto_generated_inst"
    Info (16011): Adding 0 node(s), including 0 DDIO, 0 PLL, 0 transceiver and 0 LCELL
Info (21057): Implemented 12457 device resources after synthesis - the final resource count might be different
    Info (21058): Implemented 7 input pins
    Info (21059): Implemented 11 output pins
    Info (21061): Implemented 12439 logic cells
Info: Quartus Prime Analysis & Synthesis was successful. 0 errors, 7 warnings
    Info: Peak virtual memory: 791 megabytes
    Info: Processing ended: Thu Sep 29 17:48:22 2022
    Info: Elapsed time: 00:00:54
    Info: Total CPU time (on all processors): 00:01:19


